Build started 23.11.2015 19:44:41.
     1>Project "F:\WORKSPACE\opengl-lab\opengl-lab\olengl-lab.vcxproj" on node 2 (Build target(s)).
     1>ClCompile:
         F:\Program Files\Visual Studio\VC\bin\CL.exe /c /I"F:\WORKSPACE\opengl-lab\opengl-lab\packages\glm.0.9.7.1\build\native\../..//build/native/include/" /I"F:\WORKSPACE\opengl-lab\opengl-lab\packages\nupengl.core.0.1.0.1\build\native\../..//build/native/include/" /Zi /nologo /W3 /WX- /O2 /Oi /Oy- /GL /D WIN32 /D NDEBUG /D _CONSOLE /D _LIB /D _UNICODE /D UNICODE /Gm- /EHsc /MD /GS /Gy /fp:precise /Zc:wchar_t /Zc:forScope /Fo"Release\\" /Fd"Release\vc120.pdb" /Gd /TP /analyze- /errorReport:prompt "olengl-lab.cpp"
         olengl-lab.cpp
     1>f:\workspace\opengl-lab\opengl-lab\includes/LoadShaders.h(105): warning C4190: 'getShaderFromFile' has C-linkage specified, but returns UDT 'std::basic_string<char,std::char_traits<char>,std::allocator<char>>' which is incompatible with C
     1>f:\workspace\opengl-lab\opengl-lab\includes/LoadShaders.h(107): warning C4101: 'byte' : unreferenced local variable
     1>olengl-lab.cpp(133): warning C4018: '<' : signed/unsigned mismatch
     1>olengl-lab.cpp(95): warning C4101: 'a' : unreferenced local variable
       Link:
         F:\Program Files\Visual Studio\VC\bin\link.exe /ERRORREPORT:PROMPT /OUT:"F:\WORKSPACE\opengl-lab\opengl-lab\Release\opengl-lab.exe" /INCREMENTAL:NO /NOLOGO "F:\WORKSPACE\opengl-lab\opengl-lab\packages\nupengl.core.0.1.0.1\build\native\../..//build/native/lib/Win32\glew32.lib" "F:\WORKSPACE\opengl-lab\opengl-lab\packages\nupengl.core.0.1.0.1\build\native\../..//build/native/lib/Win32\glfw3dll.lib" "F:\WORKSPACE\opengl-lab\opengl-lab\packages\nupengl.core.0.1.0.1\build\native\../..//build/native/lib/Win32\freeglut.lib" kernel32.lib user32.lib gdi32.lib winspool.lib comdlg32.lib advapi32.lib shell32.lib ole32.lib oleaut32.lib uuid.lib odbc32.lib odbccp32.lib /MANIFEST /MANIFESTUAC:"level='asInvoker' uiAccess='false'" /manifest:embed /DEBUG /PDB:"F:\WORKSPACE\opengl-lab\opengl-lab\Release\opengl-lab.pdb" /SUBSYSTEM:CONSOLE /OPT:REF /OPT:ICF /LTCG /TLBID:1 /DYNAMICBASE /NXCOMPAT /IMPLIB:"F:\WORKSPACE\opengl-lab\opengl-lab\Release\opengl-lab.lib" /MACHINE:X86 /SAFESEH Release\image_DXT.obj
         Release\image_helper.obj
         Release\SOIL.obj
         Release\stb_image_aug.obj
         Release\objloader.obj
         "Release\olengl-lab.obj"
         Release\stdafx.obj
         Generating code
         Finished generating code
         olengl-lab.vcxproj -> F:\WORKSPACE\opengl-lab\opengl-lab\Release\opengl-lab.exe
     1>Done Building Project "F:\WORKSPACE\opengl-lab\opengl-lab\olengl-lab.vcxproj" (Build target(s)).

Build succeeded.

Time Elapsed 00:00:02.84
